STATION sbdservice
IRID_ID 00224010734970
BODY 
Content-Type: application/x-zip-compressed; name="SBMmessage.sbd"
Content-Disposition: attachment; filename="300224010734970_002186.sbd"
Content-Transfer-Encoding: base64

JFc1TTVBLDEyMDIwOCwyMDAwMDUsNjYwZDAwMjg0NDljZTI0NiwxLERBUyAy
LDUwNTMuNTQ3OE4sMTIzLjcwMzBXLDEuOCwzMTcsMi44LC00MS4xLDE4LjUs
MzQuOCwyLjcsMTkuMCwzNC4wLDIuOCwxMDM5LjgsLCwsLCo2Mg0KDQokVzVN
NUEsMTIwMjA4LDIwMDAwNSw2NjBkMDAyODQ0OWNlMjQ2LDIsREFTIDIsMTMu
MSwxMy4yLDAuMiwwLjQsMC4wMSw1NjcsNTY3LDE1Niw1MDIsMCwzNDguOCwy
Mi4wOSw4OTQqNjYNCg0KJFc1TTVBLDEyMDIwOCwyMDAwMDUsNjYwZDAwMjg0
NDljZTI0NiwzLCoxQg0KDQokVzVNNUEsMTIwMjA4LDIxMDAwNSw2NjBkMDAy
ODQ0OWNlMjQ2LDEsREFTIDIsLCwxLjgsMzE3LDIuOSwtNDEuMSwxOC4yLDM0
LjUsMi4zLDE4LjcsMzMuOSwyLjUsMTAzOS44LCwsLCwqNDkNCg0KJFc1TTVB
LDEyMDIwOCwyMTAwMDUsNjYwZDAwMjg0NDljZTI0NiwyLERBUyAyLDEzLjEs
MTMuMiwwLjIsMC40LDAuMDEsNTY3LDU2NywxNTcsNjMxLDAsMzQ4LjksMjEu
NzAsOTAxKjY0DQoNCiRXNU01QSwxMjAyMDgsMjEwMDA1LDY2MGQwMDI4NDQ5
Y2UyNDYsMywqMUENCg0K

--SBD.Boundary.605592468
